<?xml version="1.0" encoding="UTF-8"?>
<!-- Generated by org.testng.reporters.JUnitReportReporter -->
<testsuite hostname="KAVIYARASU" failures="0" tests="1" name="testcase.DeleteLeadTest" time="17.808" errors="0" timestamp="2024-09-23T09:25:30 IST" skipped="0">
  <testcase classname="testcase.DeleteLeadTest" name="runDeleteLead" time="17.808"/>
  <system-out/>
</testsuite> <!-- testcase.DeleteLeadTest -->
