<?xml version="1.0" encoding="UTF-8"?>
<!-- Generated by org.testng.reporters.JUnitReportReporter -->
<testsuite hostname="KAVIYARASU" failures="0" tests="1" name="testcase.CreateLeadTest" time="15.868" errors="0" timestamp="2024-09-20T17:42:20 IST" skipped="0">
  <testcase classname="testcase.CreateLeadTest" name="runCreateLead" time="15.868"/>
  <system-out/>
</testsuite> <!-- testcase.CreateLeadTest -->
