<?xml version="1.0" encoding="UTF-8"?>
<!-- Generated by org.testng.reporters.JUnitReportReporter -->
<testsuite hostname="KAVIYARASU" failures="0" tests="1" name="testcase.FindLeadTest" time="15.553" errors="0" timestamp="2024-09-22T16:39:55 IST" skipped="0">
  <testcase classname="testcase.FindLeadTest" name="runFindLead" time="15.553"/>
  <system-out/>
</testsuite> <!-- testcase.FindLeadTest -->
