<?xml version="1.0" encoding="UTF-8"?>
<!-- Generated by org.testng.reporters.JUnitReportReporter -->
<testsuite hostname="KAVIYARASU" failures="0" tests="1" name="testcase.LoginTest" time="8.297" errors="0" timestamp="2024-09-20T17:37:00 IST" skipped="0">
  <testcase classname="testcase.LoginTest" name="runCreateLead" time="8.297"/>
  <system-out/>
</testsuite> <!-- testcase.LoginTest -->
