<?xml version="1.0" encoding="UTF-8"?>
<!-- Generated by org.testng.reporters.JUnitReportReporter -->
<testsuite hostname="KAVIYARASU" failures="0" tests="1" name="testcase.EditLeadTest" time="20.123" errors="0" timestamp="2024-09-22T20:53:01 IST" skipped="0">
  <testcase classname="testcase.EditLeadTest" name="runEditLead" time="20.123"/>
  <system-out/>
</testsuite> <!-- testcase.EditLeadTest -->
